<?xml version="1.0" encoding="UTF-8"?>
<testsuite name="tictactoe.TicTacToeSpec" tests="10" skipped="0" failures="0" errors="0" timestamp="2017-06-06T09:30:17" hostname="bibek-Lenovo-B470" time="0.027">
  <properties/>
  <testcase name="givenLastTurnWasXWhenNextPlayerThenO" classname="tictactoe.TicTacToeSpec" time="0.002"/>
  <testcase name="whenPlayAndTopBottomDiagonalLineThenWinner" classname="tictactoe.TicTacToeSpec" time="0.001"/>
  <testcase name="givenFirstTurnWhenNextPlayerThenX" classname="tictactoe.TicTacToeSpec" time="0.0"/>
  <testcase name="whenXOutsideBoardThenRuntimeException" classname="tictactoe.TicTacToeSpec" time="0.018"/>
  <testcase name="whenOccupiedThenRuntimeException" classname="tictactoe.TicTacToeSpec" time="0.001"/>
  <testcase name="whenPlayedAndWholeHorizontalLineThenWinner" classname="tictactoe.TicTacToeSpec" time="0.0"/>
  <testcase name="whenYOutSideBoardThenRuntimeException" classname="tictactoe.TicTacToeSpec" time="0.0"/>
  <testcase name="whenAllBoxesAreFilledThenDraw" classname="tictactoe.TicTacToeSpec" time="0.001"/>
  <testcase name="whenPlayAndWholeVerticalLineThenWinner" classname="tictactoe.TicTacToeSpec" time="0.001"/>
  <testcase name="whenPlayThenNoWinner" classname="tictactoe.TicTacToeSpec" time="0.001"/>
  <system-out><![CDATA[]]></system-out>
  <system-err><![CDATA[]]></system-err>
</testsuite>
