<?xml version="1.0" encoding="UTF-8"?>
<testsuite name="io.github.bibekshakya35.wayf.FriendshipsMongoAssertJTest" tests="5" skipped="0" failures="0" errors="0" timestamp="2017-06-04T09:06:08" hostname="bibek-Lenovo-B470" time="0.515">
  <properties/>
  <testcase name="alexDoesnotHaveFriends" classname="io.github.bibekshakya35.wayf.FriendshipsMongoAssertJTest" time="0.0"/>
  <testcase name="mockingWorkAsExpected" classname="io.github.bibekshakya35.wayf.FriendshipsMongoAssertJTest" time="0.045"/>
  <testcase name="whenCreateMock_thenCreated" classname="io.github.bibekshakya35.wayf.FriendshipsMongoAssertJTest" time="0.305"/>
  <testcase name="whenCreateSpy_thenCreate" classname="io.github.bibekshakya35.wayf.FriendshipsMongoAssertJTest" time="0.102"/>
  <testcase name="bHas5friends" classname="io.github.bibekshakya35.wayf.FriendshipsMongoAssertJTest" time="0.039"/>
  <system-out><![CDATA[]]></system-out>
  <system-err><![CDATA[Jun 04, 2017 2:51:08 PM io.github.bibekshakya35.wayf.FriendshipsMongo getFriendsList
INFO: is there any one out theretrue
Jun 04, 2017 2:51:08 PM io.github.bibekshakya35.wayf.FriendshipsMongoAssertJTest bHas5friends
INFO: is we there[]
]]></system-err>
</testsuite>
