<?xml version="1.0" encoding="UTF-8"?>
<testsuite name="io.github.bibekshakya35.avro.dowjone.DJDSpec" tests="2" skipped="0" failures="0" errors="0" timestamp="2017-08-10T02:02:38" hostname="bibek" time="3.682">
  <properties/>
  <testcase name="shouldReturnThirtyCollectionForJava8" classname="io.github.bibekshakya35.avro.dowjone.DJDSpec" time="3.464"/>
  <testcase name="shouldReturnThirtyUsingCommonUtils" classname="io.github.bibekshakya35.avro.dowjone.DJDSpec" time="0.217"/>
  <system-out><![CDATA[]]></system-out>
  <system-err><![CDATA[]]></system-err>
</testsuite>
